<?xml version="1.0" encoding="UTF-8"?>
<!-- Generated by org.testng.reporters.JUnitReportReporter -->
<testsuite skipped="0" hostname="Red-PC" name="com.cybertek.MocarooDataValidation" tests="10" failures="0" timestamp="26 Jun 2018 19:59:43 GMT" time="7.097" errors="0">
  <testcase name="addAnotherFieldCheck" time="0.063" classname="com.cybertek.MocarooDataValidation"/>
  <testcase name="defaultNumberOfRowsCheck" time="0.045" classname="com.cybertek.MocarooDataValidation"/>
  <testcase name="closeUp" time="0.014" classname="com.cybertek.MocarooDataValidation"/>
  <testcase name="defaultHeaderBOMCheck" time="0.169" classname="com.cybertek.MocarooDataValidation"/>
  <testcase name="labelsCheck" time="0.285" classname="com.cybertek.MocarooDataValidation"/>
  <testcase name="defaultSelectionFormatCheck" time="0.072" classname="com.cybertek.MocarooDataValidation"/>
  <testcase name="recordsCountCheck" time="0.003" classname="com.cybertek.MocarooDataValidation"/>
  <testcase name="defaultLineEndingCheck" time="0.071" classname="com.cybertek.MocarooDataValidation"/>
  <testcase name="firstRowMatchChek" time="6.227" classname="com.cybertek.MocarooDataValidation"/>
  <testcase name="titleCheck" time="0.148" classname="com.cybertek.MocarooDataValidation"/>
</testsuite> <!-- com.cybertek.MocarooDataValidation -->
